<?xml version="1.0" encoding="utf-8"?><testsuites name="pytest tests"><testsuite name="pytest" errors="0" failures="0" skipped="0" tests="6" time="0.028" timestamp="2025-12-23T17:13:26.666244+05:30" hostname="DESKTOP-H1JDNV0"><testcase classname="test_eps_safety" name="test_eps_speed_cutoff[100-5-10.0]" time="0.001" /><testcase classname="test_eps_safety" name="test_eps_speed_cutoff[249-5-10.0]" time="0.001" /><testcase classname="test_eps_safety" name="test_eps_speed_cutoff[250-5-10.0]" time="0.001" /><testcase classname="test_eps_safety" name="test_eps_speed_cutoff[251-5-0.0]" time="0.001" /><testcase classname="test_eps_safety" name="test_eps_speed_cutoff[300-2-0.0]" time="0.001" /><testcase classname="test_eps_safety" name="test_negative_speed_robustness" time="0.000" /></testsuite></testsuites>